<?xml version="1.0" encoding="UTF-8"?>
<Site BuildName="Linux-g++"
	BuildStamp="20230323-0259-Experimental"
	Name="myArch"
	Generator="ctest-3.26.0"
	CompilerName="/usr/bin/g++"
	CompilerVersion="12.2.1"
	OSName="Linux"
	Hostname="myArch"
	OSRelease="6.1.20-1-lts"
	OSVersion="#1 SMP PREEMPT_DYNAMIC Fri, 17 Mar 2023 13:31:00 +0000"
	OSPlatform="x86_64"
	Is64Bits="1"
	VendorString="GenuineIntel"
	VendorID="Intel Corporation"
	FamilyID="6"
	ModelID="140"
	ProcessorCacheSize="8192"
	NumberOfLogicalCPU="8"
	NumberOfPhysicalCPU="4"
	TotalVirtualMemory="7812"
	TotalPhysicalMemory="15742"
	LogicalProcessorsPerPhysical="2"
	ProcessorClockFrequency="2273.98"
	>
	<Testing>
		<StartDateTime>Mar 23 10:59 CST</StartDateTime>
		<StartTestTime>1679540384</StartTestTime>
		<TestList/>
		<EndDateTime>Mar 23 10:59 CST</EndDateTime>
		<EndTestTime>1679540384</EndTestTime>
		<ElapsedMinutes>0</ElapsedMinutes>
	</Testing>
</Site>
